{"/workspace/mocking-practice-jesting/03_mocking/scripts/button.js": {"path":"/workspace/mocking-practice-jesting/03_mocking/scripts/button.js","statementMap":{"0":{"start":{"line":2,"column":4},"end":{"line":2,"column":61}},"1":{"start":{"line":5,"column":0},"end":{"line":5,"column":29}}},"fnMap":{"0":{"name":"buttonClick","decl":{"start":{"line":1,"column":9},"end":{"line":1,"column":20}},"loc":{"start":{"line":1,"column":23},"end":{"line":3,"column":1}},"line":1}},"branchMap":{},"s":{"0":0,"1":1},"f":{"0":0},"b":{},"_coverageSchema":"1a1c01bbd47fc00a2c39e90264f33305004495a9","hash":"a4cfd7cc67ed83706101d6f0b6d357e9dd8d9564"}
}
